<?xml version="1.0" encoding="UTF-8"?>
<!-- Generated by org.testng.reporters.JUnitReportReporter -->
<testsuite hostname="VIJJU-PC" name="virat.A" tests="1" failures="0" timestamp="27 Dec 2016 09:31:24 GMT" time="0.014" errors="0">
  <testcase name="Read" time="0.014" classname="virat.A"/>
</testsuite> <!-- virat.A -->
