<?xml version="1.0" encoding="UTF-8"?>
<!-- Generated by org.testng.reporters.JUnitReportReporter -->
<testsuite hostname="VIJJU-PC" name="virat.Practisetable" tests="1" failures="0" timestamp="7 Apr 2017 06:09:38 GMT" time="11.127" errors="0">
  <testcase name="f" time="11.127" classname="virat.Practisetable"/>
</testsuite> <!-- virat.Practisetable -->
