<?xml version="1.0" encoding="UTF-8"?>
<!-- Generated by org.testng.reporters.JUnitReportReporter -->
<testsuite hostname="VIJJU-PC" name="virat.practice" tests="1" failures="0" timestamp="22 Dec 2016 14:02:37 GMT" time="8.470" errors="0">
  <testcase name="f" time="8.470" classname="virat.practice"/>
</testsuite> <!-- virat.practice -->
