<?xml version="1.0" encoding="UTF-8"?>
<!-- Generated by org.testng.reporters.JUnitReportReporter -->
<testsuite hostname="VIJJU-PC" name="virat.createfile" tests="1" failures="0" timestamp="9 Sep 2016 12:23:02 GMT" time="0.009" errors="0">
  <testcase name="f" time="0.009" classname="virat.createfile"/>
</testsuite> <!-- virat.createfile -->
