<?xml version="1.0" encoding="UTF-8"?>
<!-- Generated by org.testng.reporters.JUnitReportReporter -->
<testsuite hostname="VIJJU-PC" name="virat.WriteExcel" tests="1" failures="0" timestamp="3 Jan 2017 09:20:34 GMT" time="1.169" errors="0">
  <testcase name="write" time="1.169" classname="virat.WriteExcel"/>
</testsuite> <!-- virat.WriteExcel -->
