<?xml version="1.0" encoding="UTF-8"?>
<!-- Generated by org.testng.reporters.JUnitReportReporter -->
<testsuite hostname="VIJJU-PC" name="virat.gettextcolour" tests="1" failures="0" timestamp="9 Sep 2016 10:19:47 GMT" time="7.460" errors="0">
  <testcase name="f" time="7.460" classname="virat.gettextcolour"/>
</testsuite> <!-- virat.gettextcolour -->
