<?xml version="1.0" encoding="UTF-8"?>
<!-- Generated by org.testng.reporters.JUnitReportReporter -->
<testsuite hostname="VIJJU-PC" name="virat.FacebookLogin" tests="1" failures="0" timestamp="27 Dec 2016 15:12:35 GMT" time="18.024" errors="0">
  <testcase name="enterValues" time="18.024" classname="virat.FacebookLogin"/>
</testsuite> <!-- virat.FacebookLogin -->
