<?xml version="1.0" encoding="UTF-8"?>
<!-- Generated by org.testng.reporters.JUnitReportReporter -->
<testsuite hostname="VIJJU-PC" name="virat.screenshot" tests="1" failures="0" timestamp="23 Aug 2016 12:28:10 GMT" time="2.381" errors="0">
  <testcase name="f" time="2.381" classname="virat.screenshot"/>
</testsuite> <!-- virat.screenshot -->
