<?xml version="1.0" encoding="UTF-8"?>
<!-- Generated by org.testng.reporters.JUnitReportReporter -->
<testsuite hostname="VIJJU-PC" name="virat.NewTest1" tests="1" failures="0" timestamp="21 Mar 2017 12:56:09 GMT" time="21.538" errors="0">
  <testcase name="f" time="21.538" classname="virat.NewTest1"/>
</testsuite> <!-- virat.NewTest1 -->
