<?xml version="1.0" encoding="UTF-8"?>
<!-- Generated by org.testng.reporters.JUnitReportReporter -->
<testsuite hostname="VIJJU-PC" name="virat.NewTest" tests="1" failures="0" timestamp="12 Sep 2016 13:38:32 GMT" time="31.945" errors="0">
  <testcase name="f" time="31.945" classname="virat.NewTest"/>
</testsuite> <!-- virat.NewTest -->
