<?xml version="1.0" encoding="UTF-8"?>
<!-- Generated by org.testng.reporters.JUnitReportReporter -->
<testsuite hostname="VIJJU-PC" name="virat.StringComparison" tests="1" failures="0" timestamp="12 Jan 2017 11:00:30 GMT" time="0.020" errors="0">
  <testcase name="count" time="0.020" classname="virat.StringComparison"/>
</testsuite> <!-- virat.StringComparison -->
