<?xml version="1.0" encoding="UTF-8"?>
<!-- Generated by org.testng.reporters.JUnitReportReporter -->
<testsuite hostname="VIJJU-PC" name="virat.excelexample" tests="1" failures="0" timestamp="31 Mar 2016 07:34:02 GMT" time="42.646" errors="0">
  <testcase name="f" time="42.646" classname="virat.excelexample"/>
</testsuite> <!-- virat.excelexample -->
