<?xml version="1.0" encoding="UTF-8"?>
<!-- Generated by org.testng.reporters.JUnitReportReporter -->
<testsuite hostname="VIJJU-PC" name="virat.gfhf" tests="1" failures="0" timestamp="14 Jan 2017 17:46:07 GMT" time="0.018" errors="0">
  <testcase name="main" time="0.018" classname="virat.gfhf"/>
</testsuite> <!-- virat.gfhf -->
