<?xml version="1.0" encoding="UTF-8"?>
<!-- Generated by org.testng.reporters.JUnitReportReporter -->
<testsuite hostname="VIJJU-PC" name="virat.Getmethods" tests="1" failures="0" timestamp="27 Dec 2016 07:45:19 GMT" time="8.359" errors="0">
  <testcase name="getColour" time="8.359" classname="virat.Getmethods"/>
</testsuite> <!-- virat.Getmethods -->
